
                         MODELLER 9.19, 2017/07/19, r11078

     PROTEIN STRUCTURE MODELLING BY SATISFACTION OF SPATIAL RESTRAINTS


                     Copyright(c) 1989-2017 Andrej Sali
                            All Rights Reserved

                             Written by A. Sali
                               with help from
              B. Webb, M.S. Madhusudhan, M-Y. Shen, G.Q. Dong,
          M.A. Marti-Renom, N. Eswar, F. Alber, M. Topf, B. Oliva,
             A. Fiser, R. Sanchez, B. Yerkovich, A. Badretdinov,
                     F. Melo, J.P. Overington, E. Feyfant
                 University of California, San Francisco, USA
                    Rockefeller University, New York, USA
                      Harvard University, Cambridge, USA
                   Imperial Cancer Research Fund, London, UK
              Birkbeck College, University of London, London, UK


Kind, OS, HostName, Kernel, Processor: 4, Linux thalis 4.4.155-68-default x86_64
Date and time of compilation         : 2017/07/19 16:28:54
MODELLER executable type             : i386-intel8
Job starting time (YY/MM/DD HH:MM:SS): 2018/09/24 15:13:21

openf___224_> Open           $(LIB)/restyp.lib
openf___224_> Open           ${MODINSTALL9v19}/modlib/resgrp.lib
rdresgr_266_> Number of residue groups:        2
openf___224_> Open           ${MODINSTALL9v19}/modlib/sstruc.lib

Dynamically allocated memory at   amaxlibraries [B,KiB,MiB]:       191562     187.072     0.183

Dynamically allocated memory at   amaxlibraries [B,KiB,MiB]:       192090     187.588     0.183
openf___224_> Open           ${MODINSTALL9v19}/modlib/resdih.lib

Dynamically allocated memory at   amaxlibraries [B,KiB,MiB]:       240690     235.049     0.230
rdrdih__263_> Number of dihedral angle types         :        9
              Maximal number of dihedral angle optima:        3
              Dihedral angle names                   :  Alph Phi Psi Omeg chi1 chi2 chi3 chi4 chi5
openf___224_> Open           ${MODINSTALL9v19}/modlib/radii.lib

Dynamically allocated memory at   amaxlibraries [B,KiB,MiB]:       253990     248.037     0.242
openf___224_> Open           ${MODINSTALL9v19}/modlib/radii14.lib
openf___224_> Open           ${MODINSTALL9v19}/modlib/af_mnchdef.lib
rdwilmo_274_> Mainchain residue conformation classes:  APBLE
openf___224_> Open           ${MODINSTALL9v19}/modlib/mnch.lib
rdclass_257_> Number of classes:        5
openf___224_> Open           ${MODINSTALL9v19}/modlib/mnch1.lib
openf___224_> Open           ${MODINSTALL9v19}/modlib/mnch2.lib
openf___224_> Open           ${MODINSTALL9v19}/modlib/mnch3.lib
openf___224_> Open           ${MODINSTALL9v19}/modlib/xs4.mat
rdrrwgh_268_> Number of residue types:       21
openf___224_> Open           alignment.ali

Dynamically allocated memory at   amaxalignment [B,KiB,MiB]:       265439     259.218     0.253

Dynamically allocated memory at   amaxalignment [B,KiB,MiB]:       266889     260.634     0.255

Dynamically allocated memory at   amaxalignment [B,KiB,MiB]:       269789     263.466     0.257

Dynamically allocated memory at   amaxalignment [B,KiB,MiB]:       275589     269.130     0.263

Dynamically allocated memory at   amaxalignment [B,KiB,MiB]:       287189     280.458     0.274

Dynamically allocated memory at   amaxalignment [B,KiB,MiB]:       515473     503.392     0.492

Dynamically allocated memory at    amaxsequence [B,KiB,MiB]:       515501     503.419     0.492

Dynamically allocated memory at    amaxsequence [B,KiB,MiB]:       515529     503.446     0.492

Dynamically allocated memory at    amaxsequence [B,KiB,MiB]:       517273     505.149     0.493

Dynamically allocated memory at    amaxsequence [B,KiB,MiB]:       519017     506.853     0.495

Read the alignment from file       : alignment.ali
Total number of alignment positions:   437

  #  Code        #_Res #_Segm PDB_code    Name
-------------------------------------------------------------------------------
  1     newpdb     437      2      newpdb
  2     target     437      2      target
check_a_343_> >> BEGINNING OF COMMAND
openf___224_> Open           newpdb.pdb

Dynamically allocated memory at amaxcoordinates [B,KiB,MiB]:       651842     636.564     0.622

Dynamically allocated memory at    amaxsequence [B,KiB,MiB]:       651842     636.564     0.622

Dynamically allocated memory at amaxcoordinates [B,KiB,MiB]:       652013     636.731     0.622

Dynamically allocated memory at amaxcoordinates [B,KiB,MiB]:       652863     637.562     0.623

Dynamically allocated memory at amaxcoordinates [B,KiB,MiB]:       654121     638.790     0.624

Dynamically allocated memory at amaxcoordinates [B,KiB,MiB]:       656025     640.649     0.626

Dynamically allocated memory at    amaxsequence [B,KiB,MiB]:       656025     640.649     0.626

Dynamically allocated memory at amaxcoordinates [B,KiB,MiB]:       656115     640.737     0.626

Dynamically allocated memory at amaxcoordinates [B,KiB,MiB]:       658971     643.526     0.628

Dynamically allocated memory at    amaxsequence [B,KiB,MiB]:       658971     643.526     0.628

Dynamically allocated memory at amaxcoordinates [B,KiB,MiB]:       659106     643.658     0.629

Dynamically allocated memory at amaxcoordinates [B,KiB,MiB]:       663390     647.842     0.633

Dynamically allocated memory at    amaxsequence [B,KiB,MiB]:       663390     647.842     0.633

Dynamically allocated memory at amaxcoordinates [B,KiB,MiB]:       663588     648.035     0.633

Dynamically allocated memory at amaxcoordinates [B,KiB,MiB]:       670014     654.311     0.639

Dynamically allocated memory at    amaxsequence [B,KiB,MiB]:       670014     654.311     0.639

Dynamically allocated memory at amaxcoordinates [B,KiB,MiB]:       670311     654.601     0.639

Dynamically allocated memory at amaxcoordinates [B,KiB,MiB]:       679933     663.997     0.648

Dynamically allocated memory at    amaxsequence [B,KiB,MiB]:       679933     663.997     0.648

Dynamically allocated memory at amaxcoordinates [B,KiB,MiB]:       680383     664.437     0.649

Dynamically allocated memory at amaxcoordinates [B,KiB,MiB]:       694833     678.548     0.663

Dynamically allocated memory at    amaxsequence [B,KiB,MiB]:       694833     678.548     0.663

Dynamically allocated memory at amaxcoordinates [B,KiB,MiB]:       695508     679.207     0.663

Dynamically allocated memory at amaxcoordinates [B,KiB,MiB]:       717166     700.357     0.684

Dynamically allocated memory at    amaxsequence [B,KiB,MiB]:       717166     700.357     0.684

Dynamically allocated memory at amaxcoordinates [B,KiB,MiB]:       717166     700.357     0.684

Dynamically allocated memory at    amaxsequence [B,KiB,MiB]:       717166     700.357     0.684

Dynamically allocated memory at amaxcoordinates [B,KiB,MiB]:       718174     701.342     0.685

Dynamically allocated memory at amaxcoordinates [B,KiB,MiB]:       750678     733.084     0.716

Dynamically allocated memory at    amaxsequence [B,KiB,MiB]:       750678     733.084     0.716

Dynamically allocated memory at amaxcoordinates [B,KiB,MiB]:       752190     734.561     0.717

Dynamically allocated memory at amaxcoordinates [B,KiB,MiB]:       800946     782.174     0.764

Dynamically allocated memory at   amaxstructure [B,KiB,MiB]:       800334     781.576     0.763

check_ali___> Checking the sequence-structure alignment. 

Implied intrachain target CA(i)-CA(i+1) distances longer than  8.0 angstroms:

ALN_POS  TMPL  RID1  RID2  NAM1  NAM2     DIST
----------------------------------------------
END OF TABLE
check_a_344_> << END OF COMMAND
openf___224_> Open           ${LIB}/top_heav.lib
read_to_681_> topology.submodel read from topology file:        3
openf___224_> Open           ${LIB}/par.lib

Dynamically allocated memory at  amaxparameters [B,KiB,MiB]:       939586     917.564     0.896

Dynamically allocated memory at  amaxparameters [B,KiB,MiB]:       941186     919.127     0.898

Dynamically allocated memory at  amaxparameters [B,KiB,MiB]:       945166     923.014     0.901

Dynamically allocated memory at  amaxparameters [B,KiB,MiB]:       947166     924.967     0.903

Dynamically allocated memory at  amaxparameters [B,KiB,MiB]:       950166     927.896     0.906

Dynamically allocated memory at  amaxparameters [B,KiB,MiB]:       954666     932.291     0.910

Dynamically allocated memory at  amaxparameters [B,KiB,MiB]:       960238     937.732     0.916

Dynamically allocated memory at  amaxparameters [B,KiB,MiB]:       963038     940.467     0.918

Dynamically allocated memory at  amaxparameters [B,KiB,MiB]:       967238     944.568     0.922

Dynamically allocated memory at  amaxparameters [B,KiB,MiB]:       973538     950.721     0.928

Dynamically allocated memory at  amaxparameters [B,KiB,MiB]:       976310     953.428     0.931

Dynamically allocated memory at  amaxparameters [B,KiB,MiB]:       977710     954.795     0.932
read_pa_232_> parameters    BONDS   ANGLS  DIHEDS IMPROPS    MODE
                              227     561     661     112       0

Dynamically allocated memory at       amaxmodel [B,KiB,MiB]:      1012721     988.985     0.966

Dynamically allocated memory at       amaxmodel [B,KiB,MiB]:      1178243    1150.628     1.124

Dynamically allocated memory at       amaxmodel [B,KiB,MiB]:      1203771    1175.558     1.148

mkilst______> segment topology constructed from sequence and RTF:
              segments residues atoms bonds angles dihedrals impropers:
                     1      224  1670  1713      0         0       739

Dynamically allocated memory at       amaxmodel [B,KiB,MiB]:      1276627    1246.706     1.217

patch_______> segment topology patched using RTF:     1  ;  GLN  ;  NTER
              segments residues atoms bonds angles dihedrals impropers:
                     1      224  1670  1713   2335      2804       739


Dynamically allocated memory at       amaxmodel [B,KiB,MiB]:      1353403    1321.683     1.291
patch_______> segment topology patched using RTF:   224  ;  CYS  ;  CTER
              segments residues atoms bonds angles dihedrals impropers:
                     1      224  1671  1714   2337      2806       740

genseg______> segment topology constructed from sequence and RTF:
              segments residues atoms bonds angles dihedrals impropers:
                     1      224  1671  1714   2337      2806       740

Dynamically allocated memory at    amaxsequence [B,KiB,MiB]:      1353431    1321.710     1.291

Dynamically allocated memory at       amaxmodel [B,KiB,MiB]:      1386872    1354.367     1.323

Dynamically allocated memory at       amaxmodel [B,KiB,MiB]:      1546122    1509.885     1.474

Dynamically allocated memory at       amaxmodel [B,KiB,MiB]:      1570650    1533.838     1.498

mkilst______> segment topology constructed from sequence and RTF:
              segments residues atoms bonds angles dihedrals impropers:
                     2      437  3295  3377   2337      2806      1440

Dynamically allocated memory at       amaxmodel [B,KiB,MiB]:      1641218    1602.752     1.565

patch_______> segment topology patched using RTF:   225  ;  GLN  ;  NTER
              segments residues atoms bonds angles dihedrals impropers:
                     2      437  3295  3377   4599      5520      1440


Dynamically allocated memory at       amaxmodel [B,KiB,MiB]:      1723554    1683.158     1.644
patch_______> segment topology patched using RTF:   437  ;  CYS  ;  CTER
              segments residues atoms bonds angles dihedrals impropers:
                     2      437  3296  3378   4601      5522      1441

genseg______> segment topology constructed from sequence and RTF:
              segments residues atoms bonds angles dihedrals impropers:
                     2      437  3296  3378   4601      5522      1441

Dynamically allocated memory at       amaxmodel [B,KiB,MiB]:      1757658    1716.463     1.676
patch_______> segment topology patched using RTF:    22    96  ;  CYS  CYS  ;  DISU
              segments residues atoms bonds angles dihedrals impropers:
                     2      437  3296  3379   4603      5525      1441
patch_______> segment topology patched using RTF:   148   204  ;  CYS  CYS  ;  DISU
              segments residues atoms bonds angles dihedrals impropers:
                     2      437  3296  3380   4605      5528      1441

Dynamically allocated memory at       amaxmodel [B,KiB,MiB]:      1757906    1716.705     1.676
patch_______> segment topology patched using RTF:   224   437  ;  CYS  CYS  ;  DISU
              segments residues atoms bonds angles dihedrals impropers:
                     2      437  3296  3381   4607      5531      1441
patch_______> segment topology patched using RTF:   247   311  ;  CYS  CYS  ;  DISU
              segments residues atoms bonds angles dihedrals impropers:
                     2      437  3296  3382   4609      5534      1441
patch_______> segment topology patched using RTF:   357   417  ;  CYS  CYS  ;  DISU
              segments residues atoms bonds angles dihedrals impropers:
                     2      437  3296  3383   4611      5537      1441
patch_s_522_> Number of disulfides patched in MODEL:        5
transfe_506_> MODEL is an average of all templates.
transfe_511_> Number of templates for coordinate transfer:        1
              After transferring coordinates of the equivalent template atoms,
              there are defined, undefined atoms in MODEL:     3278       18
openf___224_> Open           target.ini
wrpdb___568_> Residues, atoms, selected atoms:      437     3296     3296
make_re_417_> Restraint type to be calculated:  stereo

Dynamically allocated memory at  amaxrestraints [B,KiB,MiB]:      1864935    1821.226     1.779

Dynamically allocated memory at  amaxrestraints [B,KiB,MiB]:      1873127    1829.226     1.786

Dynamically allocated memory at  amaxrestraints [B,KiB,MiB]:      1889511    1845.226     1.802

Dynamically allocated memory at  amaxrestraints [B,KiB,MiB]:      1922279    1877.226     1.833

Dynamically allocated memory at  amaxrestraints [B,KiB,MiB]:      1955047    1909.226     1.864

Dynamically allocated memory at  amaxrestraints [B,KiB,MiB]:      2020583    1973.226     1.927

Dynamically allocated memory at  amaxrestraints [B,KiB,MiB]:      2053351    2005.226     1.958

Dynamically allocated memory at  amaxrestraints [B,KiB,MiB]:      2086119    2037.226     1.989

Dynamically allocated memory at  amaxrestraints [B,KiB,MiB]:      2151655    2101.226     2.052

Dynamically allocated memory at  amaxrestraints [B,KiB,MiB]:      2282727    2229.226     2.177

Dynamically allocated memory at  amaxrestraints [B,KiB,MiB]:      2348263    2293.226     2.239

Dynamically allocated memory at  amaxrestraints [B,KiB,MiB]:      2413799    2357.226     2.302

Dynamically allocated memory at  amaxrestraints [B,KiB,MiB]:      2544871    2485.226     2.427

Dynamically allocated memory at  amaxrestraints [B,KiB,MiB]:      2807015    2741.226     2.677

Dynamically allocated memory at  amaxrestraints [B,KiB,MiB]:      2938087    2869.226     2.802
r_stere_606_> Stereochemical restraints were constructed from RTF & PRMF.
              Added bond,angle,dihedral,improper restraints  :     3383    4611    5330    1415
              Total number of restraints before, now         :        0    14739
make_re_422_> Number of previous, current restraints         :        0    14739
make_re_423_> Number of previous, current selected restraints:        0    14739
make_re_417_> Restraint type to be calculated:  phi-psi_binormal

Dynamically allocated memory at   amaxstructure [B,KiB,MiB]:      3184639    3109.999     3.037
openf___224_> Open           ${MODINSTALL9v19}/modlib/mnch1.bin
openf___224_> Open           ${MODINSTALL9v19}/modlib/mnch1.mdt
getdata_643_> Protein accepted:  newpdb
getdata_289_> Proteins (all/accepted):        1        1

Dynamically allocated memory at  amaxrestraints [B,KiB,MiB]:      3315727    3238.015     3.162
make_re_422_> Number of previous, current restraints         :    14739    15172
make_re_423_> Number of previous, current selected restraints:    14739    15172
make_re_417_> Restraint type to be calculated:  omega_dihedral

Dynamically allocated memory at   amaxstructure [B,KiB,MiB]:      3315727    3238.015     3.162
openf___224_> Open           ${MODINSTALL9v19}/modlib/omega.bin
openf___224_> Open           ${MODINSTALL9v19}/modlib/omega.mdt
getdata_643_> Protein accepted:  newpdb
getdata_289_> Proteins (all/accepted):        1        1
omgdel__425_> Unselected all O C +N +CA dihedrals:      461
              (This is to avoid clashes between STEREO
              and OMEGA_DIHEDRAL restraints)
make_re_422_> Number of previous, current restraints         :    15172    15607
make_re_423_> Number of previous, current selected restraints:    15172    15146
make_re_417_> Restraint type to be calculated:  chi1_dihedral

Dynamically allocated memory at   amaxstructure [B,KiB,MiB]:      3315727    3238.015     3.162
openf___224_> Open           ${MODINSTALL9v19}/modlib/chi1234.bin
openf___224_> Open           ${MODINSTALL9v19}/modlib/chi1.mdt
getdata_643_> Protein accepted:  newpdb
getdata_289_> Proteins (all/accepted):        1        1
make_re_422_> Number of previous, current restraints         :    15607    15979
make_re_423_> Number of previous, current selected restraints:    15146    15518
make_re_417_> Restraint type to be calculated:  chi2_dihedral

Dynamically allocated memory at   amaxstructure [B,KiB,MiB]:      3315727    3238.015     3.162
openf___224_> Open           ${MODINSTALL9v19}/modlib/chi1234.bin
openf___224_> Open           ${MODINSTALL9v19}/modlib/chi2.mdt
getdata_643_> Protein accepted:  newpdb
getdata_289_> Proteins (all/accepted):        1        1
make_re_422_> Number of previous, current restraints         :    15979    16202
make_re_423_> Number of previous, current selected restraints:    15518    15741
make_re_417_> Restraint type to be calculated:  chi3_dihedral

Dynamically allocated memory at   amaxstructure [B,KiB,MiB]:      3315727    3238.015     3.162
openf___224_> Open           ${MODINSTALL9v19}/modlib/chi1234.bin
openf___224_> Open           ${MODINSTALL9v19}/modlib/chi3.mdt
getdata_643_> Protein accepted:  newpdb
getdata_289_> Proteins (all/accepted):        1        1

Dynamically allocated memory at  amaxrestraints [B,KiB,MiB]:      3577871    3494.015     3.412
make_re_422_> Number of previous, current restraints         :    16202    16306
make_re_423_> Number of previous, current selected restraints:    15741    15845
make_re_417_> Restraint type to be calculated:  chi4_dihedral

Dynamically allocated memory at   amaxstructure [B,KiB,MiB]:      3577871    3494.015     3.412
openf___224_> Open           ${MODINSTALL9v19}/modlib/chi1234.bin
openf___224_> Open           ${MODINSTALL9v19}/modlib/chi4.mdt
mdtrsr__446W> A potential that relies on one protein is used, yet you have at
              least one known structure available. MDT, not library, potential is used.
getdata_643_> Protein accepted:  newpdb
getdata_289_> Proteins (all/accepted):        1        1
make_re_422_> Number of previous, current restraints         :    16306    16343
make_re_423_> Number of previous, current selected restraints:    15845    15882
make_re_417_> Restraint type to be calculated:  DISTANCE

Dynamically allocated memory at amaxhash_contac [B,KiB,MiB]:      4527083    4420.979     4.317

Dynamically allocated memory at  amaxrestraints [B,KiB,MiB]:      4789227    4676.979     4.567

Dynamically allocated memory at  amaxrestraints [B,KiB,MiB]:      5313515    5188.979     5.067

Dynamically allocated memory at  amaxrestraints [B,KiB,MiB]:      5575659    5444.979     5.317
make_re_422_> Number of previous, current restraints         :    16343    25563
make_re_423_> Number of previous, current selected restraints:    15882    25102
make_re_417_> Restraint type to be calculated:  DISTANCE

Dynamically allocated memory at  amaxrestraints [B,KiB,MiB]:      6099947    5956.979     5.817
make_re_422_> Number of previous, current restraints         :    25563    34815
make_re_423_> Number of previous, current selected restraints:    25102    34354
make_re_417_> Restraint type to be calculated:  DISTANCE

Dynamically allocated memory at  amaxrestraints [B,KiB,MiB]:      7148523    6980.979     6.817
make_re_422_> Number of previous, current restraints         :    34815    42156
make_re_423_> Number of previous, current selected restraints:    34354    41695
make_re_417_> Restraint type to be calculated:  DISTANCE
make_re_422_> Number of previous, current restraints         :    42156    46400
make_re_423_> Number of previous, current selected restraints:    41695    45939
0 atoms in HETATM/BLK residues constrained
to protein atoms within 2.30 angstroms
and protein CA atoms within 10.00 angstroms
make_re_417_> Restraint type to be calculated:  DISTANCE
make_re_422_> Number of previous, current restraints         :    46400    46400
make_re_423_> Number of previous, current selected restraints:    45939    45939
make_re_417_> Restraint type to be calculated:  DISTANCE
make_re_422_> Number of previous, current restraints         :    46400    46400
make_re_423_> Number of previous, current selected restraints:    45939    45939
make_re_417_> Restraint type to be calculated:  DISTANCE
make_re_422_> Number of previous, current restraints         :    46400    46400
make_re_423_> Number of previous, current selected restraints:    45939    45939
make_re_417_> Restraint type to be calculated:  DISTANCE
make_re_422_> Number of previous, current restraints         :    46400    46400
make_re_423_> Number of previous, current selected restraints:    45939    45939
0 atoms in residues without defined topology
constrained to be rigid bodies
make_re_417_> Restraint type to be calculated:  DISTANCE
make_re_422_> Number of previous, current restraints         :    46400    46400
make_re_423_> Number of previous, current selected restraints:    45939    45939
rmdupl__427_>     2614 redundant cosine dihedral restraints were unselected.
condens_443_> Restraints marked for deletion were removed.
              Total number of restraints before, now:    46400    43325
openf___224_> Open           target.rsr
openf___224_> Open           target.rsr

Dynamically allocated memory at  amaxrestraints [B,KiB,MiB]:      7413093    7239.349     7.070
rdcsr2__307_> Number of restraints read    :    43325
              Number of excluded pairs read:        0
              Number of pseudo atoms read  :        0
rdcsrs__304_> Restraints in memory, selected restraints:    43325    43325
              Explicitly excluded atom pairs in memory :        0
              Pseudo atoms in memory                   :        0
openf___224_> Open           target.ini

Dynamically allocated memory at       amaxmodel [B,KiB,MiB]:      7413113    7239.368     7.070
read_mo_297_> Segments, residues, atoms:        2      437     3296
read_mo_298_> Segment:        1     1 A   224 A     1671
read_mo_298_> Segment:        2   225 B   437 B     1625
randomi_498_> Atoms,selected atoms,random_seed,amplitude:     3296     3296        1        4.0000
randomi_496_> Amplitude is > 0; randomization is done.
pick_re_612_> Number of MODEL atoms, selected restraints;     3296    22352
pick_re_612_> Number of MODEL atoms, selected restraints;     3296    24668
pick_re_612_> Number of MODEL atoms, selected restraints;     3296    25621
pick_re_612_> Number of MODEL atoms, selected restraints;     3296    26838
pick_re_612_> Number of MODEL atoms, selected restraints;     3296    29702
pick_re_612_> Number of MODEL atoms, selected restraints;     3296    31945
pick_re_612_> Number of MODEL atoms, selected restraints;     3296    34689
pick_re_612_> Number of MODEL atoms, selected restraints;     3296    38570
pick_re_612_> Number of MODEL atoms, selected restraints;     3296    40501

Dynamically allocated memory at  amaxrestraints [B,KiB,MiB]:      7784801    7602.345     7.424
pick_re_612_> Number of MODEL atoms, selected restraints;     3296    41712
pick_re_612_> Number of MODEL atoms, selected restraints;     3296    43310
pick_re_612_> Number of MODEL atoms, selected restraints;     3296    43325
iupac_m_483_> CD1/2 CE1/2 swapped:       94.7357       27    27
iupac_m_397W> Atoms were not swapped because of the uncertainty of how to handle the H atom.
iupac_m_483_> CD1/2 CE1/2 swapped:     -103.7410       29    29
iupac_m_397W> Atoms were not swapped because of the uncertainty of how to handle the H atom.
iupac_m_487_> NH1/2 swapped:      179.7634       43    43
iupac_m_483_> CD1/2 CE1/2 swapped:       96.6402       64    64
iupac_m_397W> Atoms were not swapped because of the uncertainty of how to handle the H atom.
iupac_m_486_> OE1/2 will be swapped:       93.5292       89    89
iupac_m_485_> OD1/2 will be swapped:      154.3091       90    90
iupac_m_483_> CD1/2 CE1/2 swapped:       94.3157       95    95
iupac_m_397W> Atoms were not swapped because of the uncertainty of how to handle the H atom.
iupac_m_487_> NH1/2 swapped:     -176.5984       98    98
iupac_m_483_> CD1/2 CE1/2 swapped:       92.8872      102   102
iupac_m_397W> Atoms were not swapped because of the uncertainty of how to handle the H atom.
iupac_m_483_> CD1/2 CE1/2 swapped:       99.7643      130   130
iupac_m_397W> Atoms were not swapped because of the uncertainty of how to handle the H atom.
iupac_m_486_> OE1/2 will be swapped:      152.0138      241   241
iupac_m_487_> NH1/2 swapped:      179.3880      248   248
iupac_m_483_> CD1/2 CE1/2 swapped:       94.7461      310   310
iupac_m_397W> Atoms were not swapped because of the uncertainty of how to handle the H atom.
iupac_m_486_> OE1/2 will be swapped:      101.2591      328   328
iupac_m_487_> NH1/2 swapped:     -179.9515      331   331
iupac_m_483_> CD1/2 CE1/2 swapped:       97.6095      341   341
iupac_m_397W> Atoms were not swapped because of the uncertainty of how to handle the H atom.
iupac_m_485_> OD1/2 will be swapped:     -123.9004      345   345
iupac_m_486_> OE1/2 will be swapped:      170.5809      366   366
iupac_m_486_> OE1/2 will be swapped:     -111.5898      388   388
iupac_m_485_> OD1/2 will be swapped:     -145.5946      393   393
iupac_m_486_> OE1/2 will be swapped:      170.1729      410   410
iupac_m_483_> CD1/2 CE1/2 swapped:      -94.7542      415   415
iupac_m_397W> Atoms were not swapped because of the uncertainty of how to handle the H atom.
iupac_m_487_> NH1/2 swapped:      179.5590      434   434


>> ENERGY; Differences between the model's features and restraints:
Number of all residues in MODEL                   :      437
Number of all, selected real atoms                :     3296    3296
Number of all, selected pseudo atoms              :        0       0
Number of all static, selected restraints         :    43325   43325
COVALENT_CYS                                      :        F
NONBONDED_SEL_ATOMS                               :        1
Number of non-bonded pairs (excluding 1-2,1-3,1-4):     6465
Dynamic pairs routine                             : 2, NATM x NATM cell sorting
Atomic shift for contacts update (UPDATE_DYNAMIC) :    0.390
LENNARD_JONES_SWITCH                              :    6.500   7.500
COULOMB_JONES_SWITCH                              :    6.500   7.500
RESIDUE_SPAN_RANGE                                :        0   99999
NLOGN_USE                                         :       15
CONTACT_SHELL                                     :    4.000
DYNAMIC_PAIRS,_SPHERE,_COULOMB,_LENNARD,_MODELLER :        T       T       F       F       F
SPHERE_STDV                                       :    0.050
RADII_FACTOR                                      :    0.820
Current energy                                    :        2589.7400





Summary of the restraint violations: 

   NUM     ... number of restraints.
   NUMVI   ... number of restraints with RVIOL > VIOL_REPORT_CUT[i].
   RVIOL   ... relative difference from the best value.
   NUMVP   ... number of restraints with -Ln(pdf) > VIOL_REPORT_CUT2[i].
   RMS_1   ... RMS(feature, minimally_violated_basis_restraint, NUMB).
   RMS_2   ... RMS(feature, best_value, NUMB).
   MOL.PDF ... scaled contribution to -Ln(Molecular pdf).

 #                     RESTRAINT_GROUP      NUM   NUMVI  NUMVP   RMS_1   RMS_2         MOL.PDF     S_i
------------------------------------------------------------------------------------------------------
 1 Bond length potential              :    3378       0      0   0.005   0.005      25.769       1.000
 2 Bond angle potential               :    4601       0      3   1.907   1.907      327.83       1.000
 3 Stereochemical cosine torsion poten:    2250       0     73  51.274  51.274      948.60       1.000
 4 Stereochemical improper torsion pot:    1415       0      1   0.993   0.993      33.502       1.000
 5 Soft-sphere overlap restraints     :    6465       0      0   0.001   0.001      1.0599       1.000
 6 Lennard-Jones 6-12 potential       :       0       0      0   0.000   0.000      0.0000       1.000
 7 Coulomb point-point electrostatic p:       0       0      0   0.000   0.000      0.0000       1.000
 8 H-bonding potential                :       0       0      0   0.000   0.000      0.0000       1.000
 9 Distance restraints 1 (CA-CA)      :    9220       0      0   0.091   0.091      94.135       1.000
10 Distance restraints 2 (N-O)        :    9252       3     15   0.162   0.162      239.37       1.000
11 Mainchain Phi dihedral restraints  :       0       0      0   0.000   0.000      0.0000       1.000
12 Mainchain Psi dihedral restraints  :       0       0      0   0.000   0.000      0.0000       1.000
13 Mainchain Omega dihedral restraints:     435       0      4   4.022   4.022      78.910       1.000
14 Sidechain Chi_1 dihedral restraints:     372       0      2  53.309  53.309      18.830       1.000
15 Sidechain Chi_2 dihedral restraints:     223       0      0  65.878  65.878      57.145       1.000
16 Sidechain Chi_3 dihedral restraints:     104       0      1  67.726  67.726      64.105       1.000
17 Sidechain Chi_4 dihedral restraints:      37       0      0  95.150  95.150      27.932       1.000
18 Disulfide distance restraints      :       5       0      0   0.009   0.009     0.69562E-01   1.000
19 Disulfide angle restraints         :      10       0      0   1.571   1.571     0.54517       1.000
20 Disulfide dihedral angle restraints:       5       0      0  22.858  22.858      2.7129       1.000
21 Lower bound distance restraints    :       0       0      0   0.000   0.000      0.0000       1.000
22 Upper bound distance restraints    :       0       0      0   0.000   0.000      0.0000       1.000
23 Distance restraints 3 (SDCH-MNCH)  :    7341       0      0   0.403   0.403      228.54       1.000
24 Sidechain Chi_5 dihedral restraints:       0       0      0   0.000   0.000      0.0000       1.000
25 Phi/Psi pair of dihedral restraints:     433      12     28  25.385  35.395      187.46       1.000
26 Distance restraints 4 (SDCH-SDCH)  :    4244       0      1   0.659   0.659      253.23       1.000
27 Distance restraints 5 (X-Y)        :       0       0      0   0.000   0.000      0.0000       1.000
28 NMR distance restraints 6 (X-Y)    :       0       0      0   0.000   0.000      0.0000       1.000
29 NMR distance restraints 7 (X-Y)    :       0       0      0   0.000   0.000      0.0000       1.000
30 Minimal distance restraints        :       0       0      0   0.000   0.000      0.0000       1.000
31 Non-bonded restraints              :       0       0      0   0.000   0.000      0.0000       1.000
32 Atomic accessibility restraints    :       0       0      0   0.000   0.000      0.0000       1.000
33 Atomic density restraints          :       0       0      0   0.000   0.000      0.0000       1.000
34 Absolute position restraints       :       0       0      0   0.000   0.000      0.0000       1.000
35 Dihedral angle difference restraint:       0       0      0   0.000   0.000      0.0000       1.000
36 GBSA implicit solvent potential    :       0       0      0   0.000   0.000      0.0000       1.000
37 EM density fitting potential       :       0       0      0   0.000   0.000      0.0000       1.000
38 SAXS restraints                    :       0       0      0   0.000   0.000      0.0000       1.000
39 Symmetry restraints                :       0       0      0   0.000   0.000      0.0000       1.000



openf___224_> Open           target.V99990001
# Heavy relative violation of each residue is written to: target.V99990001
# The profile is NOT normalized by the number of restraints.
# The profiles are smoothed over a window of residues:    1
# The sum of all numbers in the file:   35141.6289



List of the violated restraints:
   A restraint is violated when the relative difference
   from the best value (RVIOL) is larger than CUTOFF.

   ICSR   ... index of a restraint in the current set.
   RESNO  ... residue numbers of the first two atoms.
   ATM    ... IUPAC atom names of the first two atoms.
   FEAT   ... the value of the feature in the model.
   restr  ... the mean of the basis restraint with the smallest
              difference from the model (local minimum).
   viol   ... difference from the local minimum.
   rviol  ... relative difference from the local minimum.
   RESTR  ... the best value (global minimum).
   VIOL   ... difference from the best value.
   RVIOL  ... relative difference from the best value.


-------------------------------------------------------------------------------------------------

Feature 10                           : Distance restraints 2 (N-O)             
List of the RVIOL violations larger than   :       4.5000

    #   ICSR  RESNO1/2 ATM1/2   INDATM1/2    FEAT   restr    viol   rviol   RESTR    VIOL   RVIOL
    1  29348 324G  41P N   O    2415  318   12.12    9.26    2.86    5.17    9.26    2.86    5.17

-------------------------------------------------------------------------------------------------

Feature 25                           : Phi/Psi pair of dihedral restraints     
List of the RVIOL violations larger than   :       6.5000

    #   ICSR  RESNO1/2 ATM1/2   INDATM1/2    FEAT   restr    viol   rviol   RESTR    VIOL   RVIOL
    1  11704  40T  41P C   N     310  312  -72.25  -64.50   12.75    1.35  -58.70  168.12   12.82
    1         41P  41P N   CA    312  313  137.08  147.20                  -30.50
    2  11705  41P  42G C   N     317  319  113.44   82.20   83.34    2.58  -62.40  177.98   30.56
    2         42G  42G N   CA    319  320  -68.76    8.50                  -41.20
    3  11766 102Y 103G C   N     786  788    1.72   82.20  100.36    3.74  -62.40  127.03   22.38
    3        103G 103G N   CA    788  789   68.45    8.50                  -41.20
    4  11767 103G 104G C   N     790  792  110.42   82.20   87.91    2.90  -62.40  176.05   29.91
    4        104G 104G N   CA    792  793  -74.75    8.50                  -41.20
    5  11800 136S 137K C   N    1030 1032   55.21  -70.20  128.50   10.00 -118.00  175.67    7.16
    5        137K 137K N   CA   1032 1033  168.43  140.40                  139.10
    6  11900 238S 239P C   N    1769 1771  -64.66  -58.70   19.45    1.20  -64.50  159.19   11.89
    6        239P 239P N   CA   1771 1772  -11.99  -30.50                  147.20
    7  11901 239P 240G C   N    1776 1778  -96.44  -62.40   37.23    5.89   82.20 -178.03   13.30
    7        240G 240G N   CA   1778 1779  -26.13  -41.20                    8.50
    8  12011 349K 350S C   N    2616 2618  -83.88 -136.60   77.94    4.37  -64.10  118.06    9.86
    8        350S 350S N   CA   2618 2619 -151.39  151.20                  -35.00
    9  12012 350S 351G C   N    2622 2624  -86.55  -62.40   26.75    4.19   82.20  173.03   12.78
    9        351G 351G N   CA   2624 2625  -29.70  -41.20                    8.50
   10  12042 380G 381N C   N    2854 2856 -113.23  -63.20   94.91   10.20  -63.20   94.91   10.20
   10        381N 381N N   CA   2856 2857   39.55  -41.10                  -41.10
   11  12095 433N 434R C   N    3264 3266  -53.25  -63.00   33.35    3.95  -72.10  146.33   11.65
   11        434R 434R N   CA   3266 3267  -72.99  -41.10                  141.90
   12  12096 434R 435G C   N    3275 3277  -80.75  -62.40   24.15    3.48   82.20  166.46   12.22
   12        435G 435G N   CA   3277 3278  -25.49  -41.20                    8.50


report______> Distribution of short non-bonded contacts:


DISTANCE1:  0.00 2.10 2.20 2.30 2.40 2.50 2.60 2.70 2.80 2.90 3.00 3.10 3.20 3.30 3.40
DISTANCE2:  2.10 2.20 2.30 2.40 2.50 2.60 2.70 2.80 2.90 3.00 3.10 3.20 3.30 3.40 3.50
FREQUENCY:     0    0    0    0    0   10   49  104  138  215  254  275  388  438  436


<< end of ENERGY.
openf___224_> Open           target.B99990001.pdb
wrpdb___568_> Residues, atoms, selected atoms:      437     3296     3296

>> Summary of successfully produced models:
Filename                          molpdf
----------------------------------------
target.B99990001.pdb          2589.73999


Dynamically allocated memory at          finish [B,KiB,MiB]:      7784801    7602.345     7.424
Starting time                                            : 2018/09/24 15:13:21
Closing time                                             : 2018/09/24 15:13:51
Total CPU time [seconds]                                 :      29.80
